<?xml version="1.0" encoding="UTF-8"?>
<!-- Generated by org.testng.reporters.JUnitXMLReporter -->
<testsuite ignored="0" hostname="LPC-9BGPRQ2" failures="0" tests="6" name="Default test" time="0.077" errors="0" timestamp="2025-10-07T16:35:56 IST">
  <testcase classname="basepackage.Base" name="@BeforeSuite setUpSuite" time="0.029">
    <failure type="java.lang.NoClassDefFoundError" message="org/openqa/selenium/mobile/NetworkConnection">
      <![CDATA[java.lang.NoClassDefFoundError: org/openqa/selenium/mobile/NetworkConnection
at java.base/java.lang.ClassLoader.defineClass1(Native Method)
at java.base/java.lang.ClassLoader.defineClass(ClassLoader.java:962)
at java.base/java.security.SecureClassLoader.defineClass(SecureClassLoader.java:132)
at java.base/jdk.internal.loader.BuiltinClassLoader.defineClass(BuiltinClassLoader.java:776)
at java.base/jdk.internal.loader.BuiltinClassLoader.findClassOnClassPathOrNull(BuiltinClassLoader.java:691)
at java.base/jdk.internal.loader.BuiltinClassLoader.loadClassOrNull(BuiltinClassLoader.java:620)
at java.base/jdk.internal.loader.BuiltinClassLoader.loadClass(BuiltinClassLoader.java:578)
at java.base/java.lang.ClassLoader.loadClass(ClassLoader.java:490)
at java.base/java.lang.ClassLoader.defineClass1(Native Method)
at java.base/java.lang.ClassLoader.defineClass(ClassLoader.java:962)
at java.base/java.security.SecureClassLoader.defineClass(SecureClassLoader.java:132)
at java.base/jdk.internal.loader.BuiltinClassLoader.defineClass(BuiltinClassLoader.java:776)
at java.base/jdk.internal.loader.BuiltinClassLoader.findClassOnClassPathOrNull(BuiltinClassLoader.java:691)
at java.base/jdk.internal.loader.BuiltinClassLoader.loadClassOrNull(BuiltinClassLoader.java:620)
at java.base/jdk.internal.loader.BuiltinClassLoader.loadClass(BuiltinClassLoader.java:578)
at java.base/java.lang.ClassLoader.loadClass(ClassLoader.java:490)
at basepackage.Base.initializeBrowserAndUrl(Base.java:74)
at basepackage.Base.setUpSuite(Base.java:44)
at java.base/jdk.internal.reflect.DirectMethodHandleAccessor.invoke(DirectMethodHandleAccessor.java:104)
at java.base/java.lang.reflect.Method.invoke(Method.java:565)
at org.testng.internal.invokers.MethodInvocationHelper.invokeMethod(MethodInvocationHelper.java:141)
at org.testng.internal.invokers.MethodInvocationHelper.invokeMethodConsideringTimeout(MethodInvocationHelper.java:71)
at org.testng.internal.invokers.ConfigInvoker.invokeConfigurationMethod(ConfigInvoker.java:400)
at org.testng.internal.invokers.ConfigInvoker.invokeConfigurations(ConfigInvoker.java:333)
at org.testng.SuiteRunner.privateRun(SuiteRunner.java:358)
at org.testng.SuiteRunner.run(SuiteRunner.java:312)
at org.testng.SuiteRunnerWorker.runSuite(SuiteRunnerWorker.java:52)
at org.testng.SuiteRunnerWorker.run(SuiteRunnerWorker.java:95)
at org.testng.TestNG.runSuitesSequentially(TestNG.java:1274)
at org.testng.TestNG.runSuitesLocally(TestNG.java:1208)
at org.testng.TestNG.runSuites(TestNG.java:1112)
at org.testng.TestNG.run(TestNG.java:1079)
at org.testng.remote.AbstractRemoteTestNG.run(AbstractRemoteTestNG.java:115)
at org.testng.remote.RemoteTestNG.initAndRun(RemoteTestNG.java:293)
at org.testng.remote.RemoteTestNG.main(RemoteTestNG.java:91)
Caused by: java.lang.ClassNotFoundException: org.openqa.selenium.mobile.NetworkConnection
at java.base/jdk.internal.loader.BuiltinClassLoader.loadClass(BuiltinClassLoader.java:580)
at java.base/java.lang.ClassLoader.loadClass(ClassLoader.java:490)
... 35 more
]]>
    </failure>
  </testcase> <!-- @BeforeSuite setUpSuite -->
  <testcase classname="digicel.Login" name="@BeforeClass setUpClass" time="0.0">
    <skipped/>
  </testcase> <!-- @BeforeClass setUpClass -->
  <testcase classname="basepackage.Base" name="@AfterMethod logResultAndScreenshot" time="0.0">
    <skipped/>
  </testcase> <!-- @AfterMethod logResultAndScreenshot -->
  <testcase classname="basepackage.Base" name="@AfterMethod logResultAndScreenshot" time="0.0">
    <skipped/>
  </testcase> <!-- @AfterMethod logResultAndScreenshot -->
  <testcase classname="basepackage.Base" name="@AfterMethod logResultAndScreenshot" time="0.0">
    <skipped/>
  </testcase> <!-- @AfterMethod logResultAndScreenshot -->
  <testcase classname="basepackage.Base" name="@AfterMethod logResultAndScreenshot" time="0.0">
    <skipped/>
  </testcase> <!-- @AfterMethod logResultAndScreenshot -->
  <testcase classname="basepackage.Base" name="@AfterMethod logResultAndScreenshot" time="0.0">
    <skipped/>
  </testcase> <!-- @AfterMethod logResultAndScreenshot -->
  <testcase classname="basepackage.Base" name="@AfterMethod logResultAndScreenshot" time="0.0">
    <skipped/>
  </testcase> <!-- @AfterMethod logResultAndScreenshot -->
  <testcase classname="digicel.Login" name="SelectCountryAndLogin" time="0.001">
    <skipped/>
  </testcase> <!-- SelectCountryAndLogin -->
  <testcase classname="digicel.Login" name="SwitchAccount" time="0.0">
    <skipped/>
  </testcase> <!-- SwitchAccount -->
  <testcase classname="digicel.Login" name="RefreshDataService" time="0.0">
    <skipped/>
  </testcase> <!-- RefreshDataService -->
  <testcase classname="digicel.Login" name="EmergencyLoan" time="0.0">
    <skipped/>
  </testcase> <!-- EmergencyLoan -->
  <testcase classname="digicel.Login" name="PurchaseDevice" time="0.0">
    <skipped/>
  </testcase> <!-- PurchaseDevice -->
  <testcase classname="digicel.Login" name="FAQS" time="0.0">
    <skipped/>
  </testcase> <!-- FAQS -->
</testsuite> <!-- Default test -->
